<?xml version="1.0" encoding="UTF-8"?>
<!-- Generated by org.testng.reporters.JUnitReportReporter -->
<testsuite hostname="ARAMESH-PC" name="rd1.TestT" tests="3" failures="0" timestamp="9 Nov 2016 11:06:05 GMT" time="37.214" errors="0">
  <testcase name="script1" time="15.542" classname="rd1.TestT"/>
  <testcase name="script1" time="10.978" classname="rd1.TestT"/>
  <testcase name="script1" time="10.694" classname="rd1.TestT"/>
</testsuite> <!-- rd1.TestT -->
